<?xml version="1.0" encoding="UTF-8"?>
<robot generator="Robot 7.2.2 (Python 3.12.7 on win32)" generated="2026-06-17T10:20:32.549205" rpa="false" schemaversion="5">
<suite id="s1" name="Tests" source="C:\Users\090300012023\workspace\qa-automation-test\tests">
<suite id="s1-s1" name="Parcours Achat" source="C:\Users\090300012023\workspace\qa-automation-test\tests\parcours_achat.robot">
<kw name="Open Test Browser" owner="common" type="SETUP">
<kw name="New Browser" owner="Browser">
<msg time="2026-06-17T10:20:32.895126" level="INFO">{"browser": "chromium", "headless": false, "chromiumSandbox": false, "devtools": false, "handleSIGHUP": true, "handleSIGINT": true, "handleSIGTERM": true, "slowMo": 0.0, "timeout": 30000.0, "tracesDir": "C:\\Users\\090300012023\\workspace\\qa-automation-test\\results\\browser\\traces\\0b0f68da-c049-49c2-8c0a-6ad2e4a5146b"}</msg>
<msg time="2026-06-17T10:20:32.945489" level="INFO">Starting Browser process C:\Users\090300012023\workspace\qa-automation-test\env\Lib\site-packages\Browser\wrapper\index.js using port 52618</msg>
<msg time="2026-06-17T10:20:32.945999" level="INFO">Node startup parameters: ['node', 'C:\\Users\\090300012023\\workspace\\qa-automation-test\\env\\Lib\\site-packages\\Browser\\wrapper\\index.js', '52618']</msg>
<msg time="2026-06-17T10:20:34.542611" level="INFO">Successfully created browser with options: {"browser":"chromium","headless":false,"chromiumSandbox":false,"devtools":false,"handleSIGHUP":true,"handleSIGINT":true,"handleSIGTERM":true,"slowMo":0,"timeout":30000,"tracesDir":"C:\\Users\\090300012023\\workspace\\qa-automation-test\\results\\browser\\traces\\0b0f68da-c049-49c2-8c0a-6ad2e4a5146b"}</msg>
<arg>browser=${BROWSER}</arg>
<arg>headless=${HEADLESS}</arg>
<tag>BrowserControl</tag>
<tag>Setter</tag>
<doc>Create a new playwright Browser with specified options.</doc>
<status status="PASS" start="2026-06-17T10:20:32.893941" elapsed="1.649669"/>
</kw>
<kw name="New Context" owner="Browser">
<msg time="2026-06-17T10:20:34.544611" level="INFO">{
  "acceptDownloads": true,
  "bypassCSP": false,
  "forcedColors": "none",
  "ignoreHTTPSErrors": false,
  "javaScriptEnabled": true,
  "offline": false,
  "reducedMotion": "no-preference",
  "serviceWorkers": "allow",
  "viewport": {
    "height": 800,
    "width": 1280
  }
}</msg>
<msg time="2026-06-17T10:20:34.571401" level="INFO">Successfully created context. </msg>
<msg time="2026-06-17T10:20:34.571401" level="INFO">{'acceptDownloads': True, 'bypassCSP': False, 'forcedColors': 'none', 'ignoreHTTPSErrors': False, 'javaScriptEnabled': True, 'offline': False, 'reducedMotion': 'no-preference', 'serviceWorkers': 'allow', 'viewport': {'height': 800, 'width': 1280}}</msg>
<arg>viewport={'width': 1280, 'height': 800}</arg>
<tag>BrowserControl</tag>
<tag>Setter</tag>
<doc>Create a new BrowserContext with specified options.</doc>
<status status="PASS" start="2026-06-17T10:20:34.543610" elapsed="0.027791"/>
</kw>
<kw name="New Page" owner="Browser">
<msg time="2026-06-17T10:20:37.750466" level="INFO">Successfully initialized new page object and opened url: https://www.saucedemo.com</msg>
<arg>${BASE_URL}</arg>
<tag>BrowserControl</tag>
<tag>Setter</tag>
<doc>Open a new Page.</doc>
<status status="PASS" start="2026-06-17T10:20:34.571401" elapsed="3.179065"/>
</kw>
<doc>Ouvre un navigateur neuf, un contexte isolé et une page sur https://www.saucedemo.com.
Appelé en Suite Setup.</doc>
<status status="PASS" start="2026-06-17T10:20:32.892656" elapsed="4.857810"/>
</kw>
<test id="s1-s1-t1" name="Parcours De Commande Complet" line="32">
<kw name="Log In" owner="login_page">
<kw name="Fill Text" owner="Browser">
<msg time="2026-06-17T10:20:37.769762" level="INFO">Fills the text 'standard_user' in the given field.</msg>
<arg>${LOGIN_USERNAME_INPUT}</arg>
<arg>${username}</arg>
<tag>PageContent</tag>
<tag>Setter</tag>
<doc>Clears and fills the given ``txt`` into the text field found by ``selector``.</doc>
<status status="PASS" start="2026-06-17T10:20:37.768232" elapsed="0.052934"/>
</kw>
<kw name="Fill Text" owner="Browser">
<msg time="2026-06-17T10:20:37.822671" level="INFO">Fills the text 'secret_sauce' in the given field.</msg>
<arg>${LOGIN_PASSWORD_INPUT}</arg>
<arg>${password}</arg>
<tag>PageContent</tag>
<tag>Setter</tag>
<doc>Clears and fills the given ``txt`` into the text field found by ``selector``.</doc>
<status status="PASS" start="2026-06-17T10:20:37.821166" elapsed="0.036940"/>
</kw>
<kw name="Click" owner="Browser">
<msg time="2026-06-17T10:20:37.859618" level="INFO">Clicks the element '[data-test="login-button"]'.</msg>
<arg>${LOGIN_SUBMIT_BUTTON}</arg>
<tag>PageContent</tag>
<tag>Setter</tag>
<doc>Simulates mouse click on the element found by ``selector``.</doc>
<status status="PASS" start="2026-06-17T10:20:37.858106" elapsed="0.112781"/>
</kw>
<arg>${UTILISATEUR_VALIDE}</arg>
<arg>${MOT_DE_PASSE_VALIDE}</arg>
<doc>Saisit l'identifiant et le mot de passe puis valide le formulaire de connexion.</doc>
<status status="PASS" start="2026-06-17T10:20:37.768232" elapsed="0.203654"/>
</kw>
<kw name="Verify Inventory Page Is Displayed" owner="inventory_page">
<kw name="Wait For Elements State" owner="Browser">
<msg time="2026-06-17T10:20:37.984557" level="INFO">Waited for Element with selector [data-test="inventory-container"] at state visible</msg>
<arg>${INVENTORY_CONTAINER}</arg>
<arg>visible</arg>
<tag>PageContent</tag>
<tag>Wait</tag>
<doc>Waits for the element found by ``selector`` to satisfy state option.</doc>
<status status="PASS" start="2026-06-17T10:20:37.973083" elapsed="0.011474"/>
</kw>
<doc>Confirme que la connexion a réussi : le conteneur produits est visible.</doc>
<status status="PASS" start="2026-06-17T10:20:37.971886" elapsed="0.013679"/>
</kw>
<kw name="Add Products To Cart" owner="inventory_page">
<for flavor="IN">
<iter>
<kw name="Add Product To Cart" owner="inventory_page">
<kw name="Click" owner="Browser">
<msg time="2026-06-17T10:20:37.987076" level="INFO">Clicks the element '[data-test="add-to-cart-sauce-labs-backpack"]'.</msg>
<arg>[data-test="add-to-cart-${product_id}"]</arg>
<tag>PageContent</tag>
<tag>Setter</tag>
<doc>Simulates mouse click on the element found by ``selector``.</doc>
<status status="PASS" start="2026-06-17T10:20:37.987076" elapsed="0.087612"/>
</kw>
<arg>${product_id}</arg>
<doc>Ajoute au panier le produit identifié par son identifiant data-test
(ex: "sauce-labs-backpack").</doc>
<status status="PASS" start="2026-06-17T10:20:37.986071" elapsed="0.089629"/>
</kw>
<var name="${product_id}">sauce-labs-backpack</var>
<status status="PASS" start="2026-06-17T10:20:37.986071" elapsed="0.089629"/>
</iter>
<iter>
<kw name="Add Product To Cart" owner="inventory_page">
<kw name="Click" owner="Browser">
<msg time="2026-06-17T10:20:38.077237" level="INFO">Clicks the element '[data-test="add-to-cart-sauce-labs-bike-light"]'.</msg>
<arg>[data-test="add-to-cart-${product_id}"]</arg>
<tag>PageContent</tag>
<tag>Setter</tag>
<doc>Simulates mouse click on the element found by ``selector``.</doc>
<status status="PASS" start="2026-06-17T10:20:38.075700" elapsed="0.045375"/>
</kw>
<arg>${product_id}</arg>
<doc>Ajoute au panier le produit identifié par son identifiant data-test
(ex: "sauce-labs-backpack").</doc>
<status status="PASS" start="2026-06-17T10:20:38.075700" elapsed="0.045375"/>
</kw>
<var name="${product_id}">sauce-labs-bike-light</var>
<status status="PASS" start="2026-06-17T10:20:38.075700" elapsed="0.045375"/>
</iter>
<var>${product_id}</var>
<value>@{product_ids}</value>
<status status="PASS" start="2026-06-17T10:20:37.986071" elapsed="0.135004"/>
</for>
<arg>${PRODUIT_1_ID}</arg>
<arg>${PRODUIT_2_ID}</arg>
<doc>Ajoute au panier chacun des produits passés en argument (identifiants data-test).</doc>
<status status="PASS" start="2026-06-17T10:20:37.986071" elapsed="0.136008"/>
</kw>
<kw name="Open Cart" owner="inventory_page">
<kw name="Click" owner="Browser">
<msg time="2026-06-17T10:20:38.123144" level="INFO">Clicks the element '[data-test="shopping-cart-link"]'.</msg>
<arg>${CART_LINK}</arg>
<tag>PageContent</tag>
<tag>Setter</tag>
<doc>Simulates mouse click on the element found by ``selector``.</doc>
<status status="PASS" start="2026-06-17T10:20:38.122079" elapsed="0.064189"/>
</kw>
<doc>Navigue vers la page du panier.</doc>
<status status="PASS" start="2026-06-17T10:20:38.122079" elapsed="0.064695"/>
</kw>
<kw name="Verify Cart Contains Product With Price" owner="cart_page">
<kw name="Get Text" owner="Browser">
<msg time="2026-06-17T10:20:38.225814" level="INFO">Text: '$29.99'</msg>
<arg>[data-test="inventory-item"]:has-text("${nom_produit}") &gt;&gt; [data-test="inventory-item-price"]</arg>
<arg>==</arg>
<arg>${prix_attendu}</arg>
<tag>Assertion</tag>
<tag>Getter</tag>
<tag>PageContent</tag>
<doc>Returns text attribute of the element found by ``selector``.</doc>
<status status="PASS" start="2026-06-17T10:20:38.187374" elapsed="0.038440"/>
</kw>
<arg>${PRODUIT_1_LIBELLE}</arg>
<arg>${PRODUIT_1_PRIX}</arg>
<doc>Vérifie qu'un produit figure dans le panier avec le prix attendu.
Le sélecteur cible la ligne article contenant le nom du produit, puis son
prix (sélecteur en cascade Playwright, robuste à l'ordre des produits).
La présence du produit est implicitement vérifiée par la correspondance du nom.</doc>
<status status="PASS" start="2026-06-17T10:20:38.187374" elapsed="0.038440"/>
</kw>
<kw name="Verify Cart Contains Product With Price" owner="cart_page">
<kw name="Get Text" owner="Browser">
<msg time="2026-06-17T10:20:38.250875" level="INFO">Text: '$9.99'</msg>
<arg>[data-test="inventory-item"]:has-text("${nom_produit}") &gt;&gt; [data-test="inventory-item-price"]</arg>
<arg>==</arg>
<arg>${prix_attendu}</arg>
<tag>Assertion</tag>
<tag>Getter</tag>
<tag>PageContent</tag>
<doc>Returns text attribute of the element found by ``selector``.</doc>
<status status="PASS" start="2026-06-17T10:20:38.227323" elapsed="0.023552"/>
</kw>
<arg>${PRODUIT_2_LIBELLE}</arg>
<arg>${PRODUIT_2_PRIX}</arg>
<doc>Vérifie qu'un produit figure dans le panier avec le prix attendu.
Le sélecteur cible la ligne article contenant le nom du produit, puis son
prix (sélecteur en cascade Playwright, robuste à l'ordre des produits).
La présence du produit est implicitement vérifiée par la correspondance du nom.</doc>
<status status="PASS" start="2026-06-17T10:20:38.227323" elapsed="0.024550"/>
</kw>
<kw name="Proceed To Checkout" owner="cart_page">
<kw name="Click" owner="Browser">
<msg time="2026-06-17T10:20:38.252379" level="INFO">Clicks the element '[data-test="checkout"]'.</msg>
<arg>${CHECKOUT_BUTTON}</arg>
<tag>PageContent</tag>
<tag>Setter</tag>
<doc>Simulates mouse click on the element found by ``selector``.</doc>
<status status="PASS" start="2026-06-17T10:20:38.252379" elapsed="0.043603"/>
</kw>
<doc>Lance le tunnel de commande depuis le panier.</doc>
<status status="PASS" start="2026-06-17T10:20:38.252379" elapsed="0.044123"/>
</kw>
<kw name="Fill Shipping Information" owner="checkout_page">
<kw name="Fill Text" owner="Browser">
<msg time="2026-06-17T10:20:38.298510" level="INFO">Fills the text 'Julien' in the given field.</msg>
<arg>${CHECKOUT_FIRSTNAME_INPUT}</arg>
<arg>${prenom}</arg>
<tag>PageContent</tag>
<tag>Setter</tag>
<doc>Clears and fills the given ``txt`` into the text field found by ``selector``.</doc>
<status status="PASS" start="2026-06-17T10:20:38.297509" elapsed="0.018012"/>
</kw>
<kw name="Fill Text" owner="Browser">
<msg time="2026-06-17T10:20:38.316530" level="INFO">Fills the text 'Becheny' in the given field.</msg>
<arg>${CHECKOUT_LASTNAME_INPUT}</arg>
<arg>${nom}</arg>
<tag>PageContent</tag>
<tag>Setter</tag>
<doc>Clears and fills the given ``txt`` into the text field found by ``selector``.</doc>
<status status="PASS" start="2026-06-17T10:20:38.315521" elapsed="0.028313"/>
</kw>
<kw name="Fill Text" owner="Browser">
<msg time="2026-06-17T10:20:38.345934" level="INFO">Fills the text '75001' in the given field.</msg>
<arg>${CHECKOUT_POSTALCODE_INPUT}</arg>
<arg>${code_postal}</arg>
<tag>PageContent</tag>
<tag>Setter</tag>
<doc>Clears and fills the given ``txt`` into the text field found by ``selector``.</doc>
<status status="PASS" start="2026-06-17T10:20:38.344417" elapsed="0.028845"/>
</kw>
<kw name="Click" owner="Browser">
<msg time="2026-06-17T10:20:38.374276" level="INFO">Clicks the element '[data-test="continue"]'.</msg>
<arg>${CHECKOUT_CONTINUE_BUTTON}</arg>
<tag>PageContent</tag>
<tag>Setter</tag>
<doc>Simulates mouse click on the element found by ``selector``.</doc>
<status status="PASS" start="2026-06-17T10:20:38.373262" elapsed="0.064135"/>
</kw>
<arg>Julien</arg>
<arg>Becheny</arg>
<arg>75001</arg>
<doc>Saisit les informations client puis valide l'étape.</doc>
<status status="PASS" start="2026-06-17T10:20:38.296502" elapsed="0.140895"/>
</kw>
<kw name="Finish Order" owner="checkout_page">
<kw name="Click" owner="Browser">
<msg time="2026-06-17T10:20:38.438984" level="INFO">Clicks the element '[data-test="finish"]'.</msg>
<arg>${CHECKOUT_FINISH_BUTTON}</arg>
<tag>PageContent</tag>
<tag>Setter</tag>
<doc>Simulates mouse click on the element found by ``selector``.</doc>
<status status="PASS" start="2026-06-17T10:20:38.438416" elapsed="0.058301"/>
</kw>
<doc>Valide définitivement la commande sur l'étape de récapitulatif.</doc>
<status status="PASS" start="2026-06-17T10:20:38.437909" elapsed="0.058808"/>
</kw>
<kw name="Verify Order Confirmation" owner="checkout_page">
<kw name="Get Text" owner="Browser">
<msg time="2026-06-17T10:20:38.520041" level="INFO">Text: 'Thank you for your order!'</msg>
<arg>${CHECKOUT_CONFIRMATION}</arg>
<arg>==</arg>
<arg>${message_attendu}</arg>
<tag>Assertion</tag>
<tag>Getter</tag>
<tag>PageContent</tag>
<doc>Returns text attribute of the element found by ``selector``.</doc>
<status status="PASS" start="2026-06-17T10:20:38.497222" elapsed="0.022819"/>
</kw>
<arg>Thank you for your order!</arg>
<doc>Vérifie que le message de confirmation attendu est affiché.</doc>
<status status="PASS" start="2026-06-17T10:20:38.497222" elapsed="0.023838"/>
</kw>
<kw name="Take Screenshot On Failure" owner="common" type="TEARDOWN">
<kw name="Run Keyword If Test Failed" owner="BuiltIn">
<arg>Take Screenshot</arg>
<arg>fullPage=True</arg>
<doc>Runs the given keyword with the given arguments, if the test failed.</doc>
<status status="PASS" start="2026-06-17T10:20:38.522058" elapsed="0.000000"/>
</kw>
<doc>À utiliser en [Teardown] de test : capture l'écran uniquement si le test a échoué.</doc>
<status status="PASS" start="2026-06-17T10:20:38.521060" elapsed="0.000998"/>
</kw>
<msg time="2026-06-17T10:20:38.525411" level="INFO">Set timeout to: 10000</msg>
<doc>Cas nominal : un utilisateur valide se connecte, ajoute deux produits au
panier, vérifie leur présence et leur prix, renseigne les informations de
livraison et valide la commande jusqu'au message de confirmation.</doc>
<tag>achat</tag>
<tag>e2e</tag>
<tag>smoke</tag>
<status status="PASS" start="2026-06-17T10:20:37.750466" elapsed="0.771592"/>
</test>
<kw name="Close Test Browser" owner="common" type="TEARDOWN">
<kw name="Close Browser" owner="Browser">
<msg time="2026-06-17T10:20:38.946640" level="INFO">Closed all browsers</msg>
<arg>ALL</arg>
<tag>BrowserControl</tag>
<tag>Setter</tag>
<doc>Closes the current browser.</doc>
<status status="PASS" start="2026-06-17T10:20:38.534183" elapsed="0.412457"/>
</kw>
<doc>Ferme proprement le navigateur. Appelé en Suite Teardown.</doc>
<status status="PASS" start="2026-06-17T10:20:38.534183" elapsed="0.412457"/>
</kw>
<doc>Parcours utilisateur de bout en bout sur saucedemo.com :
connexion → ajout de deux produits au panier → vérification des prix →
tunnel de commande → confirmation. Structure Page Object Model.</doc>
<status status="PASS" start="2026-06-17T10:20:32.597379" elapsed="6.349261"/>
</suite>
<status status="PASS" start="2026-06-17T10:20:32.552327" elapsed="6.480536"/>
</suite>
<statistics>
<total>
<stat pass="1" fail="0" skip="0">All Tests</stat>
</total>
<tag>
<stat pass="1" fail="0" skip="0">achat</stat>
<stat pass="1" fail="0" skip="0">e2e</stat>
<stat pass="1" fail="0" skip="0">smoke</stat>
</tag>
<suite>
<stat name="Tests" id="s1" pass="1" fail="0" skip="0">Tests</stat>
<stat name="Parcours Achat" id="s1-s1" pass="1" fail="0" skip="0">Tests.Parcours Achat</stat>
</suite>
</statistics>
<errors>
</errors>
</robot>
